CRITICAL - 2022-04-20 01:35:01 --> Undefined variable $cure
#0 C:\Users\User\Desktop\programing\work\php\dailylaboratory_coding_test\app\Views\Map_view.php(123): CodeIgniter\Debug\Exceptions->errorHandler()
#1 C:\Users\User\Desktop\programing\work\php\dailylaboratory_coding_test\system\View\View.php(210): include('...')
#2 C:\Users\User\Desktop\programing\work\php\dailylaboratory_coding_test\system\View\View.php(213): CodeIgniter\View\View->CodeIgniter\View\{closure}()
#3 C:\Users\User\Desktop\programing\work\php\dailylaboratory_coding_test\system\Common.php(1089): CodeIgniter\View\View->render()
#4 C:\Users\User\Desktop\programing\work\php\dailylaboratory_coding_test\app\Controllers\Map.php(25): view()
#5 C:\Users\User\Desktop\programing\work\php\dailylaboratory_coding_test\system\CodeIgniter.php(832): App\Controllers\Map->index()
#6 C:\Users\User\Desktop\programing\work\php\dailylaboratory_coding_test\system\CodeIgniter.php(419): CodeIgniter\CodeIgniter->runController()
#7 C:\Users\User\Desktop\programing\work\php\dailylaboratory_coding_test\system\CodeIgniter.php(326): CodeIgniter\CodeIgniter->handleRequest()
#8 C:\Users\User\Desktop\programing\work\php\dailylaboratory_coding_test\public\index.php(37): CodeIgniter\CodeIgniter->run()
#9 C:\Users\User\Desktop\programing\work\php\dailylaboratory_coding_test\system\Commands\Server\rewrite.php(43): require_once('...')
#10 {main}
CRITICAL - 2022-04-20 01:35:14 --> Undefined variable $cure
#0 C:\Users\User\Desktop\programing\work\php\dailylaboratory_coding_test\app\Views\Map_view.php(123): CodeIgniter\Debug\Exceptions->errorHandler()
#1 C:\Users\User\Desktop\programing\work\php\dailylaboratory_coding_test\system\View\View.php(210): include('...')
#2 C:\Users\User\Desktop\programing\work\php\dailylaboratory_coding_test\system\View\View.php(213): CodeIgniter\View\View->CodeIgniter\View\{closure}()
#3 C:\Users\User\Desktop\programing\work\php\dailylaboratory_coding_test\system\Common.php(1089): CodeIgniter\View\View->render()
#4 C:\Users\User\Desktop\programing\work\php\dailylaboratory_coding_test\app\Controllers\Map.php(25): view()
#5 C:\Users\User\Desktop\programing\work\php\dailylaboratory_coding_test\system\CodeIgniter.php(832): App\Controllers\Map->index()
#6 C:\Users\User\Desktop\programing\work\php\dailylaboratory_coding_test\system\CodeIgniter.php(419): CodeIgniter\CodeIgniter->runController()
#7 C:\Users\User\Desktop\programing\work\php\dailylaboratory_coding_test\system\CodeIgniter.php(326): CodeIgniter\CodeIgniter->handleRequest()
#8 C:\Users\User\Desktop\programing\work\php\dailylaboratory_coding_test\public\index.php(37): CodeIgniter\CodeIgniter->run()
#9 C:\Users\User\Desktop\programing\work\php\dailylaboratory_coding_test\system\Commands\Server\rewrite.php(43): require_once('...')
#10 {main}
CRITICAL - 2022-04-20 01:35:28 --> Undefined variable $cure
#0 C:\Users\User\Desktop\programing\work\php\dailylaboratory_coding_test\app\Views\Map_view.php(123): CodeIgniter\Debug\Exceptions->errorHandler()
#1 C:\Users\User\Desktop\programing\work\php\dailylaboratory_coding_test\system\View\View.php(210): include('...')
#2 C:\Users\User\Desktop\programing\work\php\dailylaboratory_coding_test\system\View\View.php(213): CodeIgniter\View\View->CodeIgniter\View\{closure}()
#3 C:\Users\User\Desktop\programing\work\php\dailylaboratory_coding_test\system\Common.php(1089): CodeIgniter\View\View->render()
#4 C:\Users\User\Desktop\programing\work\php\dailylaboratory_coding_test\app\Controllers\Map.php(25): view()
#5 C:\Users\User\Desktop\programing\work\php\dailylaboratory_coding_test\system\CodeIgniter.php(832): App\Controllers\Map->index()
#6 C:\Users\User\Desktop\programing\work\php\dailylaboratory_coding_test\system\CodeIgniter.php(419): CodeIgniter\CodeIgniter->runController()
#7 C:\Users\User\Desktop\programing\work\php\dailylaboratory_coding_test\system\CodeIgniter.php(326): CodeIgniter\CodeIgniter->handleRequest()
#8 C:\Users\User\Desktop\programing\work\php\dailylaboratory_coding_test\public\index.php(37): CodeIgniter\CodeIgniter->run()
#9 C:\Users\User\Desktop\programing\work\php\dailylaboratory_coding_test\system\Commands\Server\rewrite.php(43): require_once('...')
#10 {main}
CRITICAL - 2022-04-20 01:35:49 --> Undefined variable $cure
#0 C:\Users\User\Desktop\programing\work\php\dailylaboratory_coding_test\app\Views\Map_view.php(123): CodeIgniter\Debug\Exceptions->errorHandler()
#1 C:\Users\User\Desktop\programing\work\php\dailylaboratory_coding_test\system\View\View.php(210): include('...')
#2 C:\Users\User\Desktop\programing\work\php\dailylaboratory_coding_test\system\View\View.php(213): CodeIgniter\View\View->CodeIgniter\View\{closure}()
#3 C:\Users\User\Desktop\programing\work\php\dailylaboratory_coding_test\system\Common.php(1089): CodeIgniter\View\View->render()
#4 C:\Users\User\Desktop\programing\work\php\dailylaboratory_coding_test\app\Controllers\Map.php(25): view()
#5 C:\Users\User\Desktop\programing\work\php\dailylaboratory_coding_test\system\CodeIgniter.php(832): App\Controllers\Map->index()
#6 C:\Users\User\Desktop\programing\work\php\dailylaboratory_coding_test\system\CodeIgniter.php(419): CodeIgniter\CodeIgniter->runController()
#7 C:\Users\User\Desktop\programing\work\php\dailylaboratory_coding_test\system\CodeIgniter.php(326): CodeIgniter\CodeIgniter->handleRequest()
#8 C:\Users\User\Desktop\programing\work\php\dailylaboratory_coding_test\public\index.php(37): CodeIgniter\CodeIgniter->run()
#9 C:\Users\User\Desktop\programing\work\php\dailylaboratory_coding_test\system\Commands\Server\rewrite.php(43): require_once('...')
#10 {main}
CRITICAL - 2022-04-20 02:11:36 --> Array to string conversion
#0 C:\Users\User\Desktop\programing\work\php\dailylaboratory_coding_test\app\Views\Map_view.php(112): CodeIgniter\Debug\Exceptions->errorHandler()
#1 C:\Users\User\Desktop\programing\work\php\dailylaboratory_coding_test\system\View\View.php(210): include('...')
#2 C:\Users\User\Desktop\programing\work\php\dailylaboratory_coding_test\system\View\View.php(213): CodeIgniter\View\View->CodeIgniter\View\{closure}()
#3 C:\Users\User\Desktop\programing\work\php\dailylaboratory_coding_test\system\Common.php(1089): CodeIgniter\View\View->render()
#4 C:\Users\User\Desktop\programing\work\php\dailylaboratory_coding_test\app\Controllers\Map.php(25): view()
#5 C:\Users\User\Desktop\programing\work\php\dailylaboratory_coding_test\system\CodeIgniter.php(832): App\Controllers\Map->index()
#6 C:\Users\User\Desktop\programing\work\php\dailylaboratory_coding_test\system\CodeIgniter.php(419): CodeIgniter\CodeIgniter->runController()
#7 C:\Users\User\Desktop\programing\work\php\dailylaboratory_coding_test\system\CodeIgniter.php(326): CodeIgniter\CodeIgniter->handleRequest()
#8 C:\Users\User\Desktop\programing\work\php\dailylaboratory_coding_test\public\index.php(37): CodeIgniter\CodeIgniter->run()
#9 C:\Users\User\Desktop\programing\work\php\dailylaboratory_coding_test\system\Commands\Server\rewrite.php(43): require_once('...')
#10 {main}
CRITICAL - 2022-04-20 02:12:03 --> Array to string conversion
#0 C:\Users\User\Desktop\programing\work\php\dailylaboratory_coding_test\app\Views\Map_view.php(112): CodeIgniter\Debug\Exceptions->errorHandler()
#1 C:\Users\User\Desktop\programing\work\php\dailylaboratory_coding_test\system\View\View.php(210): include('...')
#2 C:\Users\User\Desktop\programing\work\php\dailylaboratory_coding_test\system\View\View.php(213): CodeIgniter\View\View->CodeIgniter\View\{closure}()
#3 C:\Users\User\Desktop\programing\work\php\dailylaboratory_coding_test\system\Common.php(1089): CodeIgniter\View\View->render()
#4 C:\Users\User\Desktop\programing\work\php\dailylaboratory_coding_test\app\Controllers\Map.php(25): view()
#5 C:\Users\User\Desktop\programing\work\php\dailylaboratory_coding_test\system\CodeIgniter.php(832): App\Controllers\Map->index()
#6 C:\Users\User\Desktop\programing\work\php\dailylaboratory_coding_test\system\CodeIgniter.php(419): CodeIgniter\CodeIgniter->runController()
#7 C:\Users\User\Desktop\programing\work\php\dailylaboratory_coding_test\system\CodeIgniter.php(326): CodeIgniter\CodeIgniter->handleRequest()
#8 C:\Users\User\Desktop\programing\work\php\dailylaboratory_coding_test\public\index.php(37): CodeIgniter\CodeIgniter->run()
#9 C:\Users\User\Desktop\programing\work\php\dailylaboratory_coding_test\system\Commands\Server\rewrite.php(43): require_once('...')
#10 {main}
